<?xml version="1.0" encoding="UTF-8"?>
<!-- Generated by org.testng.reporters.JUnitXMLReporter -->
<testsuite ignored="0" hostname="Xuyens-MacBook-Air.local" failures="1" tests="3" name="Run on Firefox" time="39.924" errors="0" timestamp="21 Jan 2024 10:31:02 GMT">
  <testcase classname="com.nopcommerce.user.Level_08_Switch_Role" name="Role_01_User" time="24.455">
    <failure type="org.openqa.selenium.ElementClickInterceptedException" message="Element &amp;lt;a class=&amp;quot;nav-link&amp;quot; href=&amp;quot;/logout&amp;quot;&amp;gt; is not clickable at point (1337,28) because another element &amp;lt;div id=&amp;quot;ajaxBusy&amp;quot;&amp;gt; obscures it
Build info: version: &amp;apos;3.141.59&amp;apos;, revision: &amp;apos;e82be7d358&amp;apos;, time: &amp;apos;2018-11-14T08:25:53&amp;apos;
System info: host: &amp;apos;Xuyens-MacBook-Air.local&amp;apos;, ip: &amp;apos;fe80:0:0:0:813:8276:f636:b33%en0&amp;apos;, os.name: &amp;apos;Mac OS X&amp;apos;, os.arch: &amp;apos;x86_64&amp;apos;, os.version: &amp;apos;13.0.1&amp;apos;, java.version: &amp;apos;11.0.14&amp;apos;
Driver info: org.openqa.selenium.firefox.FirefoxDriver
Capabilities {acceptInsecureCerts: true, browserName: firefox, browserVersion: 119.0, javascriptEnabled: true, moz:accessibilityChecks: false, moz:buildID: 20231019122658, moz:geckodriverVersion: 0.31.0, moz:headless: false, moz:platformVersion: 22.1.0, moz:processID: 87429, moz:profile: /var/folders/jf/r0s2_47d4cx..., moz:shutdownTimeout: 60000, moz:webdriverClick: true, moz:windowless: false, pageLoadStrategy: normal, platform: MAC, platformName: MAC, proxy: Proxy(), setWindowRect: true, strictFileInteractability: false, timeouts: {implicit: 0, pageLoad: 300000, script: 30000}, unhandledPromptBehavior: dismiss and notify}
Session ID: 3f5cf5da-6c1e-4fe5-b281-d60343d417c4">
      <![CDATA[org.openqa.selenium.ElementClickInterceptedException: Element <a class="nav-link" href="/logout"> is not clickable at point (1337,28) because another element <div id="ajaxBusy"> obscures it
Build info: version: '3.141.59', revision: 'e82be7d358', time: '2018-11-14T08:25:53'
System info: host: 'Xuyens-MacBook-Air.local', ip: 'fe80:0:0:0:813:8276:f636:b33%en0', os.name: 'Mac OS X', os.arch: 'x86_64', os.version: '13.0.1', java.version: '11.0.14'
Driver info: org.openqa.selenium.firefox.FirefoxDriver
Capabilities {acceptInsecureCerts: true, browserName: firefox, browserVersion: 119.0, javascriptEnabled: true, moz:accessibilityChecks: false, moz:buildID: 20231019122658, moz:geckodriverVersion: 0.31.0, moz:headless: false, moz:platformVersion: 22.1.0, moz:processID: 87429, moz:profile: /var/folders/jf/r0s2_47d4cx..., moz:shutdownTimeout: 60000, moz:webdriverClick: true, moz:windowless: false, pageLoadStrategy: normal, platform: MAC, platformName: MAC, proxy: Proxy(), setWindowRect: true, strictFileInteractability: false, timeouts: {implicit: 0, pageLoad: 300000, script: 30000}, unhandledPromptBehavior: dismiss and notify}
Session ID: 3f5cf5da-6c1e-4fe5-b281-d60343d417c4
at org.openqa.selenium.remote.http.W3CHttpResponseCodec.createException(W3CHttpResponseCodec.java:187)
at org.openqa.selenium.remote.http.W3CHttpResponseCodec.decode(W3CHttpResponseCodec.java:122)
at org.openqa.selenium.remote.http.W3CHttpResponseCodec.decode(W3CHttpResponseCodec.java:49)
at org.openqa.selenium.remote.HttpCommandExecutor.execute(HttpCommandExecutor.java:158)
at org.openqa.selenium.remote.service.DriverCommandExecutor.execute(DriverCommandExecutor.java:83)
at org.openqa.selenium.remote.RemoteWebDriver.execute(RemoteWebDriver.java:552)
at org.openqa.selenium.remote.RemoteWebElement.execute(RemoteWebElement.java:285)
at org.openqa.selenium.remote.RemoteWebElement.click(RemoteWebElement.java:84)
at commons.BasePage.clickToElement(BasePage.java:128)
at commons.BasePage.clickToLogoutLinkAtAdminPage(BasePage.java:353)
at com.nopcommerce.user.Level_08_Switch_Role.Role_01_User(Level_08_Switch_Role.java:69)
... Removed 29 stack frames]]>
    </failure>
  </testcase> <!-- Role_01_User -->
  <testcase classname="com.nopcommerce.user.Level_08_Switch_Role" name="Role_02_Admin" time="9.994"/>
  <testcase classname="com.nopcommerce.user.Level_08_Switch_Role" name="User_05_Switch_Role" time="0.001"/>
</testsuite> <!-- Run on Firefox -->
