<?xml version="1.0" encoding="UTF-8"?>
<!-- Generated by org.testng.reporters.JUnitXMLReporter -->
<testsuite ignored="0" hostname="Xuyens-MacBook-Air.local" failures="0" tests="6" name="Run on Edge" time="0.015" errors="0" timestamp="07 Jan 2024 14:15:04 GMT">
  <testcase classname="com.nopcommerce.user.Level_04_Multiple_Browser" name="@BeforeClass beforeClass" time="0.001">
    <failure type="java.lang.RuntimeException" message="Browser name invalid.">
      <![CDATA[java.lang.RuntimeException: Browser name invalid.
at com.nopcommerce.user.Level_04_Multiple_Browser.beforeClass(Level_04_Multiple_Browser.java:49)
... Removed 26 stack frames]]>
    </failure>
  </testcase> <!-- @BeforeClass beforeClass -->
  <testcase classname="com.nopcommerce.user.Level_04_Multiple_Browser" name="@AfterClass afterClass" time="0.0">
    <skipped/>
  </testcase> <!-- @AfterClass afterClass -->
  <testcase classname="com.nopcommerce.user.Level_04_Multiple_Browser" name="Register_01_Empty_Data" time="0.0">
    <skipped/>
  </testcase> <!-- Register_01_Empty_Data -->
  <testcase classname="com.nopcommerce.user.Level_04_Multiple_Browser" name="Register_02_Invalid_Email" time="0.0">
    <skipped/>
  </testcase> <!-- Register_02_Invalid_Email -->
  <testcase classname="com.nopcommerce.user.Level_04_Multiple_Browser" name="Register_03_Success" time="0.0">
    <skipped/>
  </testcase> <!-- Register_03_Success -->
  <testcase classname="com.nopcommerce.user.Level_04_Multiple_Browser" name="Register_04_Existing_Email" time="0.0">
    <skipped/>
  </testcase> <!-- Register_04_Existing_Email -->
  <testcase classname="com.nopcommerce.user.Level_04_Multiple_Browser" name="Register_05_Password_Less_Than_6_Chars" time="0.0">
    <skipped/>
  </testcase> <!-- Register_05_Password_Less_Than_6_Chars -->
  <testcase classname="com.nopcommerce.user.Level_04_Multiple_Browser" name="Register_06_Invalid_Confirm_Password" time="0.0">
    <skipped/>
  </testcase> <!-- Register_06_Invalid_Confirm_Password -->
</testsuite> <!-- Run on Edge -->
