<?xml version="1.0" encoding="UTF-8"?>
<!-- Generated by org.testng.reporters.JUnitXMLReporter -->
<testsuite ignored="0" hostname="Xuyens-MacBook-Air.local" failures="0" tests="6" name="Run on Chrome" time="41.555" errors="0" timestamp="11 Jan 2024 15:34:36 GMT">
  <testcase classname="com.nopcommerce.user.Level_04_Multiple_Browser" name="@BeforeClass beforeClass" time="41.489">
    <failure type="org.openqa.selenium.SessionNotCreatedException" message="session not created: This version of ChromeDriver only supports Chrome version 114
Current browser version is 120.0.6099.216 with binary path /Applications/Google Chrome.app/Contents/MacOS/Google Chrome
Build info: version: &amp;apos;3.141.59&amp;apos;, revision: &amp;apos;e82be7d358&amp;apos;, time: &amp;apos;2018-11-14T08:25:53&amp;apos;
System info: host: &amp;apos;Xuyens-MacBook-Air.local&amp;apos;, ip: &amp;apos;fe80:0:0:0:813:8276:f636:b33%en0&amp;apos;, os.name: &amp;apos;Mac OS X&amp;apos;, os.arch: &amp;apos;x86_64&amp;apos;, os.version: &amp;apos;13.0.1&amp;apos;, java.version: &amp;apos;11.0.14&amp;apos;
Driver info: driver.version: ChromeDriver
remote stacktrace: 0   chromedriver                        0x00000001047c46b8 chromedriver + 4937400
1   chromedriver                        0x00000001047bbb73 chromedriver + 4901747
2   chromedriver                        0x0000000104379616 chromedriver + 435734
3   chromedriver                        0x00000001043abd10 chromedriver + 642320
4   chromedriver                        0x00000001043a718a chromedriver + 622986
5   chromedriver                        0x00000001043a367c chromedriver + 607868
6   chromedriver                        0x00000001043eaa08 chromedriver + 899592
7   chromedriver                        0x00000001043e9ebf chromedriver + 896703
8   chromedriver                        0x00000001043e0de3 chromedriver + 859619
9   chromedriver                        0x00000001043aed7f chromedriver + 654719
10  chromedriver                        0x00000001043b00de chromedriver + 659678
11  chromedriver                        0x00000001047802ad chromedriver + 4657837
12  chromedriver                        0x0000000104785130 chromedriver + 4677936
13  chromedriver                        0x000000010478bdef chromedriver + 4705775
14  chromedriver                        0x000000010478605a chromedriver + 4681818
15  chromedriver                        0x000000010475892c chromedriver + 4495660
16  chromedriver                        0x00000001047a3838 chromedriver + 4802616
17  chromedriver                        0x00000001047a39b7 chromedriver + 4802999
18  chromedriver                        0x00000001047b499f chromedriver + 4872607
19  libsystem_pthread.dylib             0x00007ff81c85f259 _pthread_start + 125
20  libsystem_pthread.dylib             0x00007ff81c85ac7b thread_start + 15
">
      <![CDATA[org.openqa.selenium.SessionNotCreatedException: session not created: This version of ChromeDriver only supports Chrome version 114
Current browser version is 120.0.6099.216 with binary path /Applications/Google Chrome.app/Contents/MacOS/Google Chrome
Build info: version: '3.141.59', revision: 'e82be7d358', time: '2018-11-14T08:25:53'
System info: host: 'Xuyens-MacBook-Air.local', ip: 'fe80:0:0:0:813:8276:f636:b33%en0', os.name: 'Mac OS X', os.arch: 'x86_64', os.version: '13.0.1', java.version: '11.0.14'
Driver info: driver.version: ChromeDriver
remote stacktrace: 0   chromedriver                        0x00000001047c46b8 chromedriver + 4937400
1   chromedriver                        0x00000001047bbb73 chromedriver + 4901747
2   chromedriver                        0x0000000104379616 chromedriver + 435734
3   chromedriver                        0x00000001043abd10 chromedriver + 642320
4   chromedriver                        0x00000001043a718a chromedriver + 622986
5   chromedriver                        0x00000001043a367c chromedriver + 607868
6   chromedriver                        0x00000001043eaa08 chromedriver + 899592
7   chromedriver                        0x00000001043e9ebf chromedriver + 896703
8   chromedriver                        0x00000001043e0de3 chromedriver + 859619
9   chromedriver                        0x00000001043aed7f chromedriver + 654719
10  chromedriver                        0x00000001043b00de chromedriver + 659678
11  chromedriver                        0x00000001047802ad chromedriver + 4657837
12  chromedriver                        0x0000000104785130 chromedriver + 4677936
13  chromedriver                        0x000000010478bdef chromedriver + 4705775
14  chromedriver                        0x000000010478605a chromedriver + 4681818
15  chromedriver                        0x000000010475892c chromedriver + 4495660
16  chromedriver                        0x00000001047a3838 chromedriver + 4802616
17  chromedriver                        0x00000001047a39b7 chromedriver + 4802999
18  chromedriver                        0x00000001047b499f chromedriver + 4872607
19  libsystem_pthread.dylib             0x00007ff81c85f259 _pthread_start + 125
20  libsystem_pthread.dylib             0x00007ff81c85ac7b thread_start + 15

at org.openqa.selenium.remote.W3CHandshakeResponse.lambda$errorHandler$0(W3CHandshakeResponse.java:62)
at org.openqa.selenium.remote.HandshakeResponse.lambda$getResponseFunction$0(HandshakeResponse.java:30)
at org.openqa.selenium.remote.ProtocolHandshake.lambda$createSession$0(ProtocolHandshake.java:126)
at java.base/java.util.stream.ReferencePipeline$3$1.accept(ReferencePipeline.java:195)
at java.base/java.util.Spliterators$ArraySpliterator.tryAdvance(Spliterators.java:958)
at java.base/java.util.stream.ReferencePipeline.forEachWithCancel(ReferencePipeline.java:127)
at java.base/java.util.stream.AbstractPipeline.copyIntoWithCancel(AbstractPipeline.java:502)
at java.base/java.util.stream.AbstractPipeline.copyInto(AbstractPipeline.java:488)
at java.base/java.util.stream.AbstractPipeline.wrapAndCopyInto(AbstractPipeline.java:474)
at java.base/java.util.stream.FindOps$FindOp.evaluateSequential(FindOps.java:150)
at java.base/java.util.stream.AbstractPipeline.evaluate(AbstractPipeline.java:234)
at java.base/java.util.stream.ReferencePipeline.findFirst(ReferencePipeline.java:543)
at org.openqa.selenium.remote.ProtocolHandshake.createSession(ProtocolHandshake.java:128)
at org.openqa.selenium.remote.ProtocolHandshake.createSession(ProtocolHandshake.java:74)
at org.openqa.selenium.remote.HttpCommandExecutor.execute(HttpCommandExecutor.java:136)
at org.openqa.selenium.remote.service.DriverCommandExecutor.execute(DriverCommandExecutor.java:83)
at org.openqa.selenium.remote.RemoteWebDriver.execute(RemoteWebDriver.java:552)
at org.openqa.selenium.remote.RemoteWebDriver.startSession(RemoteWebDriver.java:213)
at org.openqa.selenium.remote.RemoteWebDriver.<init>(RemoteWebDriver.java:131)
at org.openqa.selenium.chrome.ChromeDriver.<init>(ChromeDriver.java:181)
at org.openqa.selenium.chrome.ChromeDriver.<init>(ChromeDriver.java:168)
at org.openqa.selenium.chrome.ChromeDriver.<init>(ChromeDriver.java:123)
at com.nopcommerce.user.Level_04_Multiple_Browser.beforeClass(Level_04_Multiple_Browser.java:42)
... Removed 30 stack frames]]>
    </failure>
  </testcase> <!-- @BeforeClass beforeClass -->
  <testcase classname="com.nopcommerce.user.Level_04_Multiple_Browser" name="@AfterClass afterClass" time="0.0">
    <skipped/>
  </testcase> <!-- @AfterClass afterClass -->
  <testcase classname="com.nopcommerce.user.Level_04_Multiple_Browser" name="Register_01_Empty_Data" time="0.0">
    <skipped/>
  </testcase> <!-- Register_01_Empty_Data -->
  <testcase classname="com.nopcommerce.user.Level_04_Multiple_Browser" name="Register_02_Invalid_Email" time="0.0">
    <skipped/>
  </testcase> <!-- Register_02_Invalid_Email -->
  <testcase classname="com.nopcommerce.user.Level_04_Multiple_Browser" name="Register_03_Success" time="0.0">
    <skipped/>
  </testcase> <!-- Register_03_Success -->
  <testcase classname="com.nopcommerce.user.Level_04_Multiple_Browser" name="Register_04_Existing_Email" time="0.0">
    <skipped/>
  </testcase> <!-- Register_04_Existing_Email -->
  <testcase classname="com.nopcommerce.user.Level_04_Multiple_Browser" name="Register_05_Password_Less_Than_6_Chars" time="0.0">
    <skipped/>
  </testcase> <!-- Register_05_Password_Less_Than_6_Chars -->
  <testcase classname="com.nopcommerce.user.Level_04_Multiple_Browser" name="Register_06_Invalid_Confirm_Password" time="0.0">
    <skipped/>
  </testcase> <!-- Register_06_Invalid_Confirm_Password -->
</testsuite> <!-- Run on Chrome -->
